build/intermediates/manifest_merge_blame_file/debug/manifest-merger-blame-debug-report.txt
1<?xml version="1.0" encoding="utf-8"?>
2<manifest xmlns:android="http://schemas.android.com/apk/res/android"
3    package="com.example.coursawy"
4    android:versionCode="1"
5    android:versionName="1.0" >
6
7    <uses-sdk
8        android:minSdkVersion="22"
8-->src\main\AndroidManifest.xml
9        android:targetSdkVersion="30" />
9-->src\main\AndroidManifest.xml
10
11    <uses-permission android:name="android.permission.READ_EXTERNAL_STORAGE" />
11-->src\main\AndroidManifest.xml:42:5-80
11-->src\main\AndroidManifest.xml:42:22-77
12    <uses-permission android:name="android.permission.WRITE_EXTERNAL_STORAGE" />
12-->src\main\AndroidManifest.xml:43:5-81
12-->src\main\AndroidManifest.xml:43:22-78
13    <uses-permission android:name="android.permission.INTERNET" />
13-->src\main\AndroidManifest.xml:45:5-67
13-->src\main\AndroidManifest.xml:45:22-64
14
15    <!-- Although the *SdkVersion is captured in gradle build files, this is required for non gradle builds -->
16    <!-- <uses-sdk android:minSdkVersion="14" /> -->
17    <uses-permission android:name="android.permission.ACCESS_NETWORK_STATE" />
17-->[com.google.firebase:firebase-firestore:22.0.1] AndroidManifest.xml:13:5-79
17-->[com.google.firebase:firebase-firestore:22.0.1] AndroidManifest.xml:13:22-76
18
19    <application
19-->src\main\AndroidManifest.xml:5:5-41:19
20        android:allowBackup="true"
20-->src\main\AndroidManifest.xml:6:9-35
21        android:appComponentFactory="androidx.core.app.CoreComponentFactory"
21-->[androidx.core:core:1.3.1] AndroidManifest.xml:24:18-86
22        android:debuggable="true"
23        android:icon="@mipmap/ic_launcher"
23-->src\main\AndroidManifest.xml:7:9-43
24        android:label="@string/app_name"
24-->src\main\AndroidManifest.xml:8:9-41
25        android:roundIcon="@mipmap/ic_launcher_round"
25-->src\main\AndroidManifest.xml:9:9-54
26        android:supportsRtl="false"
26-->src\main\AndroidManifest.xml:10:9-36
27        android:testOnly="true"
28        android:theme="@style/AppTheme" >
28-->src\main\AndroidManifest.xml:11:9-40
29        <activity android:name="com.example.coursawy.DoctorInfoActivity" />
29-->src\main\AndroidManifest.xml:12:9-55
29-->src\main\AndroidManifest.xml:12:19-53
30        <activity android:name="com.example.coursawy.NotificationsActivity" />
30-->src\main\AndroidManifest.xml:13:9-58
30-->src\main\AndroidManifest.xml:13:19-56
31        <activity android:name="com.example.coursawy.ui.activities.HomeActivity" />
31-->src\main\AndroidManifest.xml:14:9-63
31-->src\main\AndroidManifest.xml:14:19-61
32        <activity android:name="com.example.coursawy.ui.activities.PopularCoursesActivity" />
32-->src\main\AndroidManifest.xml:15:9-73
32-->src\main\AndroidManifest.xml:15:19-71
33        <activity android:name="com.example.coursawy.Quiz_ExamActivity" >
33-->src\main\AndroidManifest.xml:16:9-18:20
33-->src\main\AndroidManifest.xml:16:19-52
34        </activity>
35        <activity android:name="com.example.coursawy.CourseProfile" >
35-->src\main\AndroidManifest.xml:19:9-21:20
35-->src\main\AndroidManifest.xml:19:19-48
36        </activity>
37        <activity
37-->src\main\AndroidManifest.xml:22:9-31:20
38            android:name="com.example.coursawy.SplashActivity"
38-->src\main\AndroidManifest.xml:23:13-43
39            android:screenOrientation="portrait" >
39-->src\main\AndroidManifest.xml:24:13-49
40            <intent-filter>
40-->src\main\AndroidManifest.xml:25:13-29:29
41                <action android:name="android.intent.action.MAIN" />
41-->src\main\AndroidManifest.xml:26:17-69
41-->src\main\AndroidManifest.xml:26:25-66
42
43                <category android:name="android.intent.category.LAUNCHER" />
43-->src\main\AndroidManifest.xml:28:17-77
43-->src\main\AndroidManifest.xml:28:27-74
44            </intent-filter>
45        </activity>
46        <activity android:name="com.example.coursawy.ContinueSignupActivity" />
46-->src\main\AndroidManifest.xml:32:9-60
46-->src\main\AndroidManifest.xml:32:19-57
47        <activity android:name="com.example.coursawy.SignActivity" />
47-->src\main\AndroidManifest.xml:33:9-50
47-->src\main\AndroidManifest.xml:33:19-47
48        <activity android:name="com.example.coursawy.MainActivity" />
48-->src\main\AndroidManifest.xml:34:9-50
48-->src\main\AndroidManifest.xml:34:19-47
49        <activity android:name="com.example.coursawy.ExamActivity" />
49-->src\main\AndroidManifest.xml:35:9-50
49-->src\main\AndroidManifest.xml:35:19-47
50        <activity android:name="com.example.coursawy.OfflineTests" />
50-->src\main\AndroidManifest.xml:36:9-50
50-->src\main\AndroidManifest.xml:36:19-47
51        <activity android:name="com.example.coursawy.TestsListActivity" />
51-->src\main\AndroidManifest.xml:37:9-55
51-->src\main\AndroidManifest.xml:37:19-52
52        <activity
52-->src\main\AndroidManifest.xml:38:9-40:59
53            android:name="com.theartofdev.edmodo.cropper.CropImageActivity"
53-->src\main\AndroidManifest.xml:39:13-76
54            android:theme="@style/Base.Theme.AppCompat" />
54-->src\main\AndroidManifest.xml:40:13-56
55
56        <service
56-->[com.google.firebase:firebase-firestore:22.0.1] AndroidManifest.xml:17:9-23:19
57            android:name="com.google.firebase.components.ComponentDiscoveryService"
57-->[com.google.firebase:firebase-firestore:22.0.1] AndroidManifest.xml:18:13-84
58            android:directBootAware="true"
58-->[com.google.firebase:firebase-common:19.5.0] AndroidManifest.xml:35:13-43
59            android:exported="false" >
59-->[com.google.firebase:firebase-firestore:22.0.1] AndroidManifest.xml:19:13-37
60            <meta-data
60-->[com.google.firebase:firebase-firestore:22.0.1] AndroidManifest.xml:20:13-22:85
61                android:name="com.google.firebase.components:com.google.firebase.firestore.FirestoreRegistrar"
61-->[com.google.firebase:firebase-firestore:22.0.1] AndroidManifest.xml:21:17-111
62                android:value="com.google.firebase.components.ComponentRegistrar" />
62-->[com.google.firebase:firebase-firestore:22.0.1] AndroidManifest.xml:22:17-82
63            <meta-data
63-->[com.google.firebase:firebase-auth:20.0.1] AndroidManifest.xml:77:13-79:85
64                android:name="com.google.firebase.components:com.google.firebase.auth.FirebaseAuthRegistrar"
64-->[com.google.firebase:firebase-auth:20.0.1] AndroidManifest.xml:78:17-109
65                android:value="com.google.firebase.components.ComponentRegistrar" />
65-->[com.google.firebase:firebase-auth:20.0.1] AndroidManifest.xml:79:17-82
66            <meta-data
66-->[com.google.firebase:firebase-database:19.6.0] AndroidManifest.xml:32:13-34:85
67                android:name="com.google.firebase.components:com.google.firebase.database.DatabaseRegistrar"
67-->[com.google.firebase:firebase-database:19.6.0] AndroidManifest.xml:33:17-109
68                android:value="com.google.firebase.components.ComponentRegistrar" />
68-->[com.google.firebase:firebase-database:19.6.0] AndroidManifest.xml:34:17-82
69            <meta-data
69-->[com.google.firebase:firebase-storage:19.2.1] AndroidManifest.xml:33:13-35:85
70                android:name="com.google.firebase.components:com.google.firebase.storage.StorageRegistrar"
70-->[com.google.firebase:firebase-storage:19.2.1] AndroidManifest.xml:34:17-107
71                android:value="com.google.firebase.components.ComponentRegistrar" />
71-->[com.google.firebase:firebase-storage:19.2.1] AndroidManifest.xml:35:17-82
72            <!--
73                This registrar is not defined in the dynamic-module-support sdk itself to allow non-firebase
74                clients to use it as well, by defining this registrar in their own core/common library.
75            -->
76            <meta-data
76-->[com.google.firebase:firebase-common:19.5.0] AndroidManifest.xml:43:13-45:85
77                android:name="com.google.firebase.components:com.google.firebase.dynamicloading.DynamicLoadingRegistrar"
77-->[com.google.firebase:firebase-common:19.5.0] AndroidManifest.xml:44:17-121
78                android:value="com.google.firebase.components.ComponentRegistrar" />
78-->[com.google.firebase:firebase-common:19.5.0] AndroidManifest.xml:45:17-82
79        </service>
80
81        <activity
81-->[com.google.firebase:firebase-auth:20.0.1] AndroidManifest.xml:27:9-44:20
82            android:name="com.google.firebase.auth.internal.GenericIdpActivity"
82-->[com.google.firebase:firebase-auth:20.0.1] AndroidManifest.xml:28:13-80
83            android:excludeFromRecents="true"
83-->[com.google.firebase:firebase-auth:20.0.1] AndroidManifest.xml:29:13-46
84            android:exported="true"
84-->[com.google.firebase:firebase-auth:20.0.1] AndroidManifest.xml:30:13-36
85            android:launchMode="singleTask"
85-->[com.google.firebase:firebase-auth:20.0.1] AndroidManifest.xml:31:13-44
86            android:theme="@android:style/Theme.Translucent.NoTitleBar" >
86-->[com.google.firebase:firebase-auth:20.0.1] AndroidManifest.xml:32:13-72
87            <intent-filter>
87-->[com.google.firebase:firebase-auth:20.0.1] AndroidManifest.xml:33:13-43:29
88                <action android:name="android.intent.action.VIEW" />
88-->[com.google.firebase:firebase-auth:20.0.1] AndroidManifest.xml:34:17-69
88-->[com.google.firebase:firebase-auth:20.0.1] AndroidManifest.xml:34:25-66
89
90                <category android:name="android.intent.category.DEFAULT" />
90-->[com.google.firebase:firebase-auth:20.0.1] AndroidManifest.xml:36:17-76
90-->[com.google.firebase:firebase-auth:20.0.1] AndroidManifest.xml:36:27-73
91                <category android:name="android.intent.category.BROWSABLE" />
91-->[com.google.firebase:firebase-auth:20.0.1] AndroidManifest.xml:37:17-78
91-->[com.google.firebase:firebase-auth:20.0.1] AndroidManifest.xml:37:27-75
92
93                <data
93-->[com.google.firebase:firebase-auth:20.0.1] AndroidManifest.xml:39:17-42:51
94                    android:host="firebase.auth"
94-->[com.google.firebase:firebase-auth:20.0.1] AndroidManifest.xml:40:21-49
95                    android:path="/"
95-->[com.google.firebase:firebase-auth:20.0.1] AndroidManifest.xml:41:21-37
96                    android:scheme="genericidp" />
96-->[com.google.firebase:firebase-auth:20.0.1] AndroidManifest.xml:42:21-48
97            </intent-filter>
98        </activity>
99        <activity
99-->[com.google.firebase:firebase-auth:20.0.1] AndroidManifest.xml:45:9-62:20
100            android:name="com.google.firebase.auth.internal.RecaptchaActivity"
100-->[com.google.firebase:firebase-auth:20.0.1] AndroidManifest.xml:46:13-79
101            android:excludeFromRecents="true"
101-->[com.google.firebase:firebase-auth:20.0.1] AndroidManifest.xml:47:13-46
102            android:exported="true"
102-->[com.google.firebase:firebase-auth:20.0.1] AndroidManifest.xml:48:13-36
103            android:launchMode="singleTask"
103-->[com.google.firebase:firebase-auth:20.0.1] AndroidManifest.xml:49:13-44
104            android:theme="@android:style/Theme.Translucent.NoTitleBar" >
104-->[com.google.firebase:firebase-auth:20.0.1] AndroidManifest.xml:50:13-72
105            <intent-filter>
105-->[com.google.firebase:firebase-auth:20.0.1] AndroidManifest.xml:51:13-61:29
106                <action android:name="android.intent.action.VIEW" />
106-->[com.google.firebase:firebase-auth:20.0.1] AndroidManifest.xml:34:17-69
106-->[com.google.firebase:firebase-auth:20.0.1] AndroidManifest.xml:34:25-66
107
108                <category android:name="android.intent.category.DEFAULT" />
108-->[com.google.firebase:firebase-auth:20.0.1] AndroidManifest.xml:36:17-76
108-->[com.google.firebase:firebase-auth:20.0.1] AndroidManifest.xml:36:27-73
109                <category android:name="android.intent.category.BROWSABLE" />
109-->[com.google.firebase:firebase-auth:20.0.1] AndroidManifest.xml:37:17-78
109-->[com.google.firebase:firebase-auth:20.0.1] AndroidManifest.xml:37:27-75
110
111                <data
111-->[com.google.firebase:firebase-auth:20.0.1] AndroidManifest.xml:39:17-42:51
112                    android:host="firebase.auth"
112-->[com.google.firebase:firebase-auth:20.0.1] AndroidManifest.xml:40:21-49
113                    android:path="/"
113-->[com.google.firebase:firebase-auth:20.0.1] AndroidManifest.xml:41:21-37
114                    android:scheme="recaptcha" />
114-->[com.google.firebase:firebase-auth:20.0.1] AndroidManifest.xml:42:21-48
115            </intent-filter>
116        </activity>
117
118        <service
118-->[com.google.firebase:firebase-auth:20.0.1] AndroidManifest.xml:64:9-73:19
119            android:name="com.google.firebase.auth.api.fallback.service.FirebaseAuthFallbackService"
119-->[com.google.firebase:firebase-auth:20.0.1] AndroidManifest.xml:65:13-101
120            android:enabled="true"
120-->[com.google.firebase:firebase-auth:20.0.1] AndroidManifest.xml:66:13-35
121            android:exported="false" >
121-->[com.google.firebase:firebase-auth:20.0.1] AndroidManifest.xml:67:13-37
122            <intent-filter>
122-->[com.google.firebase:firebase-auth:20.0.1] AndroidManifest.xml:68:13-72:29
123                <action android:name="com.google.firebase.auth.api.gms.service.START" />
123-->[com.google.firebase:firebase-auth:20.0.1] AndroidManifest.xml:69:17-89
123-->[com.google.firebase:firebase-auth:20.0.1] AndroidManifest.xml:69:25-86
124
125                <category android:name="android.intent.category.DEFAULT" />
125-->[com.google.firebase:firebase-auth:20.0.1] AndroidManifest.xml:36:17-76
125-->[com.google.firebase:firebase-auth:20.0.1] AndroidManifest.xml:36:27-73
126            </intent-filter>
127        </service>
128
129        <provider
129-->[com.squareup.picasso:picasso:2.71828] AndroidManifest.xml:8:9-11:40
130            android:name="com.squareup.picasso.PicassoProvider"
130-->[com.squareup.picasso:picasso:2.71828] AndroidManifest.xml:9:13-64
131            android:authorities="com.example.coursawy.com.squareup.picasso"
131-->[com.squareup.picasso:picasso:2.71828] AndroidManifest.xml:10:13-72
132            android:exported="false" />
132-->[com.squareup.picasso:picasso:2.71828] AndroidManifest.xml:11:13-37
133        <provider
133-->[com.google.firebase:firebase-common:19.5.0] AndroidManifest.xml:26:9-31:39
134            android:name="com.google.firebase.provider.FirebaseInitProvider"
134-->[com.google.firebase:firebase-common:19.5.0] AndroidManifest.xml:27:13-77
135            android:authorities="com.example.coursawy.firebaseinitprovider"
135-->[com.google.firebase:firebase-common:19.5.0] AndroidManifest.xml:28:13-72
136            android:directBootAware="true"
136-->[com.google.firebase:firebase-common:19.5.0] AndroidManifest.xml:29:13-43
137            android:exported="false"
137-->[com.google.firebase:firebase-common:19.5.0] AndroidManifest.xml:30:13-37
138            android:initOrder="100" />
138-->[com.google.firebase:firebase-common:19.5.0] AndroidManifest.xml:31:13-36
139
140        <activity
140-->[com.google.android.gms:play-services-base:17.1.0] AndroidManifest.xml:23:9-26:75
141            android:name="com.google.android.gms.common.api.GoogleApiActivity"
141-->[com.google.android.gms:play-services-base:17.1.0] AndroidManifest.xml:24:13-79
142            android:exported="false"
142-->[com.google.android.gms:play-services-base:17.1.0] AndroidManifest.xml:25:13-37
143            android:theme="@android:style/Theme.Translucent.NoTitleBar" />
143-->[com.google.android.gms:play-services-base:17.1.0] AndroidManifest.xml:26:13-72
144
145        <meta-data
145-->[com.google.android.gms:play-services-basement:17.1.0] AndroidManifest.xml:23:9-25:69
146            android:name="com.google.android.gms.version"
146-->[com.google.android.gms:play-services-basement:17.1.0] AndroidManifest.xml:24:13-58
147            android:value="@integer/google_play_services_version" />
147-->[com.google.android.gms:play-services-basement:17.1.0] AndroidManifest.xml:25:13-66
148    </application>
149
150</manifest>